<?xml version="1.0" encoding="UTF-8"?>
<testng-results ignored="0" total="1" passed="1" failed="0" skipped="0">
  <reporter-output>
  </reporter-output>
  <suite started-at="2022-04-22T08:40:42 IST" name="Default suite" finished-at="2022-04-22T08:40:46 IST" duration-ms="4152">
    <groups>
    </groups>
    <test started-at="2022-04-22T08:40:42 IST" name="Default test" finished-at="2022-04-22T08:40:46 IST" duration-ms="4152">
      <class name="FrameWorkImplementation">
        <test-method is-config="true" signature="bsConfig()[pri:0, instance:FrameWorkImplementation@bd4dc25]" started-at="2022-04-22T08:40:40 IST" name="bsConfig" finished-at="2022-04-22T08:40:42 IST" duration-ms="1394" status="PASS">
          <reporter-output>
          </reporter-output>
        </test-method> <!-- bsConfig -->
        <test-method signature="CreateAddAndGet()[pri:0, instance:FrameWorkImplementation@bd4dc25]" started-at="2022-04-22T08:40:42 IST" name="CreateAddAndGet" finished-at="2022-04-22T08:40:46 IST" duration-ms="4083" status="PASS">
          <reporter-output>
          </reporter-output>
        </test-method> <!-- CreateAddAndGet -->
        <test-method is-config="true" signature="asConfig()[pri:0, instance:FrameWorkImplementation@bd4dc25]" started-at="2022-04-22T08:40:46 IST" name="asConfig" finished-at="2022-04-22T08:40:46 IST" duration-ms="12" status="PASS">
          <reporter-output>
          </reporter-output>
        </test-method> <!-- asConfig -->
      </class> <!-- FrameWorkImplementation -->
    </test> <!-- Default test -->
  </suite> <!-- Default suite -->
</testng-results>
